<?xml version="1.0" encoding="UTF-8"?>
<!-- Generated by org.testng.reporters.JUnitXMLReporter -->
<testsuite hostname="DESKTOP-U9P23DR" name="Test" tests="1" failures="1" timestamp="6 Feb 2017 05:40:40 GMT" time="0.031" errors="0">
  <testcase name="VerifyLoginCrossOverPage" time="0.008" classname="com.cms.TestScripts.VerifyLogin">
    <failure type="java.lang.NullPointerException">
      <![CDATA[java.lang.NullPointerException
	at com.cms.businesslogic.CmsBusinessLogic.LaunchApplication(CmsBusinessLogic.java:19)
	at com.cms.TestScripts.VerifyLogin.VerifyLoginCrossOverPage(VerifyLogin.java:13)
	at org.apache.maven.surefire.testng.TestNGExecutor.run(TestNGExecutor.java:295)
	at org.apache.maven.surefire.testng.TestNGXmlTestSuite.execute(TestNGXmlTestSuite.java:84)
	at org.apache.maven.surefire.testng.TestNGProvider.invoke(TestNGProvider.java:90)
	at org.apache.maven.surefire.booter.ForkedBooter.invokeProviderInSameClassLoader(ForkedBooter.java:203)
	at org.apache.maven.surefire.booter.ForkedBooter.runSuitesInProcess(ForkedBooter.java:155)
	at org.apache.maven.surefire.booter.ForkedBooter.main(ForkedBooter.java:103)
... Removed 21 stack frames]]>
    </failure>
  </testcase> <!-- VerifyLoginCrossOverPage -->
</testsuite> <!-- Test -->
