<?xml version="1.0" encoding="UTF-8"?>
<testng-results skipped="0" failed="0" total="1" passed="1">
  <reporter-output>
  </reporter-output>
  <suite name="Suite" duration-ms="28370" started-at="2017-02-06T11:22:37Z" finished-at="2017-02-06T11:23:06Z">
    <groups>
    </groups>
    <test name="Test" duration-ms="28370" started-at="2017-02-06T11:22:37Z" finished-at="2017-02-06T11:23:06Z">
      <class name="com.cms.TestScripts.VerifyLogin">
        <test-method status="PASS" signature="setup(java.lang.String, java.lang.String)[pri:0, instance:com.cms.TestScripts.VerifyLogin@d8355a8]" name="setup" is-config="true" duration-ms="7953" started-at="2017-02-06T16:52:37Z" finished-at="2017-02-06T16:52:45Z">
          <params>
            <param index="0">
              <value>
                <![CDATA[firefox]]>
              </value>
            </param>
            <param index="1">
              <value>
                <![CDATA[TestEnv]]>
              </value>
            </param>
          </params>
          <reporter-output>
          </reporter-output>
        </test-method> <!-- setup -->
        <test-method status="PASS" signature="beforemethod(java.lang.reflect.Method)[pri:0, instance:com.cms.TestScripts.VerifyLogin@d8355a8]" name="beforemethod" is-config="true" duration-ms="224" started-at="2017-02-06T16:52:45Z" finished-at="2017-02-06T16:52:46Z">
          <params>
            <param index="0">
              <value>
                <![CDATA[public void com.cms.TestScripts.VerifyLogin.VerifyLoginCrossOverPage()]]>
              </value>
            </param>
          </params>
          <reporter-output>
          </reporter-output>
        </test-method> <!-- beforemethod -->
        <test-method status="PASS" signature="VerifyLoginCrossOverPage()[pri:0, instance:com.cms.TestScripts.VerifyLogin@d8355a8]" name="VerifyLoginCrossOverPage" duration-ms="19003" started-at="2017-02-06T16:52:46Z" finished-at="2017-02-06T16:53:05Z">
          <reporter-output>
          </reporter-output>
        </test-method> <!-- VerifyLoginCrossOverPage -->
        <test-method status="PASS" signature="aftermethod()[pri:0, instance:com.cms.TestScripts.VerifyLogin@d8355a8]" name="aftermethod" is-config="true" duration-ms="1159" started-at="2017-02-06T16:53:05Z" finished-at="2017-02-06T16:53:06Z">
          <reporter-output>
          </reporter-output>
        </test-method> <!-- aftermethod -->
        <test-method status="PASS" signature="aftersuite()[pri:0, instance:com.cms.TestScripts.VerifyLogin@d8355a8]" name="aftersuite" is-config="true" duration-ms="587" started-at="2017-02-06T16:53:06Z" finished-at="2017-02-06T16:53:06Z">
          <reporter-output>
          </reporter-output>
        </test-method> <!-- aftersuite -->
      </class> <!-- com.cms.TestScripts.VerifyLogin -->
    </test> <!-- Test -->
  </suite> <!-- Suite -->
</testng-results>
